<testset xmlns="http://cpee.org/ns/properties/2.0">
  <executionhandler>ruby</executionhandler>
  <dataelements/>
  <subscriptions xmlns="http://riddl.org/ns/common-patterns/notifications-producer/2.0">
    <subscription xmlns="http://riddl.org/ns/common-patterns/notifications-producer/2.0" id="_student" url="https://lehre.bpm.in.tum.de/ports/9009/">
    <topic id="state">
    <event>change</event>
    </topic>
    <topic id="activity">
    <event>calling</event>
    <event>failed</event>
    <event>done</event>
    </topic>
    </subscription>
  </subscriptions>
  <endpoints>
    <timeout>http://cpee.org/services/timeout.php</timeout>
    <subprocess>https-post://cpee.org/flow/start/url/</subprocess>
    <send>https-post://cpee.org/ing/correlators/message/send/</send>
    <receive>https-get://cpee.org/ing/correlators/message/receive/</receive>
    <user>https-post://cpee.org/services/timeout-user.php</user>
    <auto>https-post://cpee.org/services/timeout-auto.php</auto>
  </endpoints>
  <attributes>
    <info>test-process</info>
    <modeltype>CPEE</modeltype>
    <theme>preset</theme>
  </attributes>
  <description>
    <description xmlns="http://cpee.org/ns/description/1.0">
      <call id="a1" endpoint="timeout">
        <parameters>
          <label>Task 1</label>
          <method>:post</method>
          <arguments>
            <timeout>1</timeout>
          </arguments>
        </parameters>
        <annotations>
          <_timing>
            <_timing_weight/>
            <_timing_avg/>
            <explanations/>
          </_timing>
          <_shifting>
            <_shifting_type>Duration</_shifting_type>
          </_shifting>
          <_context_data_analysis>
            <probes/>
            <ips/>
          </_context_data_analysis>
          <report>
            <url/>
          </report>
          <_notes>
            <_notes_general/>
          </_notes>
        </annotations>
        <documentation>
          <input/>
          <output/>
          <implementation>
            <description/>
          </implementation>
        </documentation>
      </call>
      <choose mode="exclusive">
        <alternative condition="">
          <call id="a3" endpoint="timeout">
            <parameters>
              <label>Task 2.1</label>
              <method>:post</method>
              <arguments>
                <timeout>2</timeout>
              </arguments>
            </parameters>
            <annotations>
              <_timing>
                <_timing_weight/>
                <_timing_avg/>
                <explanations/>
              </_timing>
              <_shifting>
                <_shifting_type>Duration</_shifting_type>
              </_shifting>
              <_context_data_analysis>
                <probes/>
                <ips/>
              </_context_data_analysis>
              <report>
                <url/>
              </report>
              <_notes>
                <_notes_general/>
              </_notes>
            </annotations>
            <documentation>
              <input/>
              <output/>
              <implementation>
                <description/>
              </implementation>
            </documentation>
          </call>
        </alternative>
        <otherwise>
          <call id="a2" endpoint="timeout">
            <parameters>
              <label>Task 2.2</label>
              <method>:post</method>
              <arguments>
                <timeout>1</timeout>
              </arguments>
            </parameters>
            <annotations>
              <_timing>
                <_timing_weight/>
                <_timing_avg/>
                <explanations/>
              </_timing>
              <_shifting>
                <_shifting_type>Duration</_shifting_type>
              </_shifting>
              <_context_data_analysis>
                <probes/>
                <ips/>
              </_context_data_analysis>
              <report>
                <url/>
              </report>
              <_notes>
                <_notes_general/>
              </_notes>
            </annotations>
            <documentation>
              <input/>
              <output/>
              <implementation>
                <description/>
              </implementation>
            </documentation>
          </call>
        </otherwise>
      </choose>
    </description>
  </description>
  <transformation>
    <description type="copy"/>
    <dataelements type="none"/>
    <endpoints type="none"/>
  </transformation>
</testset>